Linked: (/home/handlingteam2/HASA/ros_ws/devel/.private/xela_server_ros/lib/pkgconfig/xela_server_ros.pc, /home/handlingteam2/HASA/ros_ws/devel/lib/pkgconfig/xela_server_ros.pc)
Linked: (/home/handlingteam2/HASA/ros_ws/devel/.private/xela_server_ros/lib/python3/dist-packages/xela_server_ros/__init__.py, /home/handlingteam2/HASA/ros_ws/devel/lib/python3/dist-packages/xela_server_ros/__init__.py)
Linked: (/home/handlingteam2/HASA/ros_ws/devel/.private/xela_server_ros/lib/python3/dist-packages/xela_server_ros/msg/_SensorFull.py, /home/handlingteam2/HASA/ros_ws/devel/lib/python3/dist-packages/xela_server_ros/msg/_SensorFull.py)
Linked: (/home/handlingteam2/HASA/ros_ws/devel/.private/xela_server_ros/lib/python3/dist-packages/xela_server_ros/msg/_Taxel.py, /home/handlingteam2/HASA/ros_ws/devel/lib/python3/dist-packages/xela_server_ros/msg/_Taxel.py)
Linked: (/home/handlingteam2/HASA/ros_ws/devel/.private/xela_server_ros/lib/python3/dist-packages/xela_server_ros/msg/_SensStream.py, /home/handlingteam2/HASA/ros_ws/devel/lib/python3/dist-packages/xela_server_ros/msg/_SensStream.py)
Linked: (/home/handlingteam2/HASA/ros_ws/devel/.private/xela_server_ros/lib/python3/dist-packages/xela_server_ros/msg/_Forces.py, /home/handlingteam2/HASA/ros_ws/devel/lib/python3/dist-packages/xela_server_ros/msg/_Forces.py)
Linked: (/home/handlingteam2/HASA/ros_ws/devel/.private/xela_server_ros/lib/python3/dist-packages/xela_server_ros/msg/__init__.py, /home/handlingteam2/HASA/ros_ws/devel/lib/python3/dist-packages/xela_server_ros/msg/__init__.py)
Linked: (/home/handlingteam2/HASA/ros_ws/devel/.private/xela_server_ros/lib/python3/dist-packages/xela_server_ros/srv/_XelaSensorStream.py, /home/handlingteam2/HASA/ros_ws/devel/lib/python3/dist-packages/xela_server_ros/srv/_XelaSensorStream.py)
Linked: (/home/handlingteam2/HASA/ros_ws/devel/.private/xela_server_ros/lib/python3/dist-packages/xela_server_ros/srv/__init__.py, /home/handlingteam2/HASA/ros_ws/devel/lib/python3/dist-packages/xela_server_ros/srv/__init__.py)
Linked: (/home/handlingteam2/HASA/ros_ws/devel/.private/xela_server_ros/share/xela_server_ros/cmake/xela_server_rosConfig.cmake, /home/handlingteam2/HASA/ros_ws/devel/share/xela_server_ros/cmake/xela_server_rosConfig.cmake)
Linked: (/home/handlingteam2/HASA/ros_ws/devel/.private/xela_server_ros/share/xela_server_ros/cmake/xela_server_ros-msg-paths.cmake, /home/handlingteam2/HASA/ros_ws/devel/share/xela_server_ros/cmake/xela_server_ros-msg-paths.cmake)
Linked: (/home/handlingteam2/HASA/ros_ws/devel/.private/xela_server_ros/share/xela_server_ros/cmake/xela_server_rosConfig-version.cmake, /home/handlingteam2/HASA/ros_ws/devel/share/xela_server_ros/cmake/xela_server_rosConfig-version.cmake)
Linked: (/home/handlingteam2/HASA/ros_ws/devel/.private/xela_server_ros/share/xela_server_ros/cmake/xela_server_ros-msg-extras.cmake, /home/handlingteam2/HASA/ros_ws/devel/share/xela_server_ros/cmake/xela_server_ros-msg-extras.cmake)
Linked: (/home/handlingteam2/HASA/ros_ws/devel/.private/xela_server_ros/share/roseus/ros/xela_server_ros/manifest.l, /home/handlingteam2/HASA/ros_ws/devel/share/roseus/ros/xela_server_ros/manifest.l)
Linked: (/home/handlingteam2/HASA/ros_ws/devel/.private/xela_server_ros/share/roseus/ros/xela_server_ros/msg/Forces.l, /home/handlingteam2/HASA/ros_ws/devel/share/roseus/ros/xela_server_ros/msg/Forces.l)
Linked: (/home/handlingteam2/HASA/ros_ws/devel/.private/xela_server_ros/share/roseus/ros/xela_server_ros/msg/SensorFull.l, /home/handlingteam2/HASA/ros_ws/devel/share/roseus/ros/xela_server_ros/msg/SensorFull.l)
Linked: (/home/handlingteam2/HASA/ros_ws/devel/.private/xela_server_ros/share/roseus/ros/xela_server_ros/msg/SensStream.l, /home/handlingteam2/HASA/ros_ws/devel/share/roseus/ros/xela_server_ros/msg/SensStream.l)
Linked: (/home/handlingteam2/HASA/ros_ws/devel/.private/xela_server_ros/share/roseus/ros/xela_server_ros/msg/Taxel.l, /home/handlingteam2/HASA/ros_ws/devel/share/roseus/ros/xela_server_ros/msg/Taxel.l)
Linked: (/home/handlingteam2/HASA/ros_ws/devel/.private/xela_server_ros/share/roseus/ros/xela_server_ros/srv/XelaSensorStream.l, /home/handlingteam2/HASA/ros_ws/devel/share/roseus/ros/xela_server_ros/srv/XelaSensorStream.l)
Linked: (/home/handlingteam2/HASA/ros_ws/devel/.private/xela_server_ros/share/common-lisp/ros/xela_server_ros/msg/_package_Forces.lisp, /home/handlingteam2/HASA/ros_ws/devel/share/common-lisp/ros/xela_server_ros/msg/_package_Forces.lisp)
Linked: (/home/handlingteam2/HASA/ros_ws/devel/.private/xela_server_ros/share/common-lisp/ros/xela_server_ros/msg/SensorFull.lisp, /home/handlingteam2/HASA/ros_ws/devel/share/common-lisp/ros/xela_server_ros/msg/SensorFull.lisp)
Linked: (/home/handlingteam2/HASA/ros_ws/devel/.private/xela_server_ros/share/common-lisp/ros/xela_server_ros/msg/_package_SensStream.lisp, /home/handlingteam2/HASA/ros_ws/devel/share/common-lisp/ros/xela_server_ros/msg/_package_SensStream.lisp)
Linked: (/home/handlingteam2/HASA/ros_ws/devel/.private/xela_server_ros/share/common-lisp/ros/xela_server_ros/msg/SensStream.lisp, /home/handlingteam2/HASA/ros_ws/devel/share/common-lisp/ros/xela_server_ros/msg/SensStream.lisp)
Linked: (/home/handlingteam2/HASA/ros_ws/devel/.private/xela_server_ros/share/common-lisp/ros/xela_server_ros/msg/xela_server_ros-msg.asd, /home/handlingteam2/HASA/ros_ws/devel/share/common-lisp/ros/xela_server_ros/msg/xela_server_ros-msg.asd)
Linked: (/home/handlingteam2/HASA/ros_ws/devel/.private/xela_server_ros/share/common-lisp/ros/xela_server_ros/msg/Taxel.lisp, /home/handlingteam2/HASA/ros_ws/devel/share/common-lisp/ros/xela_server_ros/msg/Taxel.lisp)
Linked: (/home/handlingteam2/HASA/ros_ws/devel/.private/xela_server_ros/share/common-lisp/ros/xela_server_ros/msg/Forces.lisp, /home/handlingteam2/HASA/ros_ws/devel/share/common-lisp/ros/xela_server_ros/msg/Forces.lisp)
Linked: (/home/handlingteam2/HASA/ros_ws/devel/.private/xela_server_ros/share/common-lisp/ros/xela_server_ros/msg/_package_SensorFull.lisp, /home/handlingteam2/HASA/ros_ws/devel/share/common-lisp/ros/xela_server_ros/msg/_package_SensorFull.lisp)
Linked: (/home/handlingteam2/HASA/ros_ws/devel/.private/xela_server_ros/share/common-lisp/ros/xela_server_ros/msg/_package_Taxel.lisp, /home/handlingteam2/HASA/ros_ws/devel/share/common-lisp/ros/xela_server_ros/msg/_package_Taxel.lisp)
Linked: (/home/handlingteam2/HASA/ros_ws/devel/.private/xela_server_ros/share/common-lisp/ros/xela_server_ros/msg/_package.lisp, /home/handlingteam2/HASA/ros_ws/devel/share/common-lisp/ros/xela_server_ros/msg/_package.lisp)
Linked: (/home/handlingteam2/HASA/ros_ws/devel/.private/xela_server_ros/share/common-lisp/ros/xela_server_ros/srv/_package_XelaSensorStream.lisp, /home/handlingteam2/HASA/ros_ws/devel/share/common-lisp/ros/xela_server_ros/srv/_package_XelaSensorStream.lisp)
Linked: (/home/handlingteam2/HASA/ros_ws/devel/.private/xela_server_ros/share/common-lisp/ros/xela_server_ros/srv/_package.lisp, /home/handlingteam2/HASA/ros_ws/devel/share/common-lisp/ros/xela_server_ros/srv/_package.lisp)
Linked: (/home/handlingteam2/HASA/ros_ws/devel/.private/xela_server_ros/share/common-lisp/ros/xela_server_ros/srv/xela_server_ros-srv.asd, /home/handlingteam2/HASA/ros_ws/devel/share/common-lisp/ros/xela_server_ros/srv/xela_server_ros-srv.asd)
Linked: (/home/handlingteam2/HASA/ros_ws/devel/.private/xela_server_ros/share/common-lisp/ros/xela_server_ros/srv/XelaSensorStream.lisp, /home/handlingteam2/HASA/ros_ws/devel/share/common-lisp/ros/xela_server_ros/srv/XelaSensorStream.lisp)
Linked: (/home/handlingteam2/HASA/ros_ws/devel/.private/xela_server_ros/share/gennodejs/ros/xela_server_ros/_index.js, /home/handlingteam2/HASA/ros_ws/devel/share/gennodejs/ros/xela_server_ros/_index.js)
Linked: (/home/handlingteam2/HASA/ros_ws/devel/.private/xela_server_ros/share/gennodejs/ros/xela_server_ros/msg/_index.js, /home/handlingteam2/HASA/ros_ws/devel/share/gennodejs/ros/xela_server_ros/msg/_index.js)
Linked: (/home/handlingteam2/HASA/ros_ws/devel/.private/xela_server_ros/share/gennodejs/ros/xela_server_ros/msg/Taxel.js, /home/handlingteam2/HASA/ros_ws/devel/share/gennodejs/ros/xela_server_ros/msg/Taxel.js)
Linked: (/home/handlingteam2/HASA/ros_ws/devel/.private/xela_server_ros/share/gennodejs/ros/xela_server_ros/msg/SensorFull.js, /home/handlingteam2/HASA/ros_ws/devel/share/gennodejs/ros/xela_server_ros/msg/SensorFull.js)
Linked: (/home/handlingteam2/HASA/ros_ws/devel/.private/xela_server_ros/share/gennodejs/ros/xela_server_ros/msg/Forces.js, /home/handlingteam2/HASA/ros_ws/devel/share/gennodejs/ros/xela_server_ros/msg/Forces.js)
Linked: (/home/handlingteam2/HASA/ros_ws/devel/.private/xela_server_ros/share/gennodejs/ros/xela_server_ros/msg/SensStream.js, /home/handlingteam2/HASA/ros_ws/devel/share/gennodejs/ros/xela_server_ros/msg/SensStream.js)
Linked: (/home/handlingteam2/HASA/ros_ws/devel/.private/xela_server_ros/share/gennodejs/ros/xela_server_ros/srv/_index.js, /home/handlingteam2/HASA/ros_ws/devel/share/gennodejs/ros/xela_server_ros/srv/_index.js)
Linked: (/home/handlingteam2/HASA/ros_ws/devel/.private/xela_server_ros/share/gennodejs/ros/xela_server_ros/srv/XelaSensorStream.js, /home/handlingteam2/HASA/ros_ws/devel/share/gennodejs/ros/xela_server_ros/srv/XelaSensorStream.js)
Linked: (/home/handlingteam2/HASA/ros_ws/devel/.private/xela_server_ros/include/xela_server_ros/Taxel.h, /home/handlingteam2/HASA/ros_ws/devel/include/xela_server_ros/Taxel.h)
Linked: (/home/handlingteam2/HASA/ros_ws/devel/.private/xela_server_ros/include/xela_server_ros/XelaSensorStreamResponse.h, /home/handlingteam2/HASA/ros_ws/devel/include/xela_server_ros/XelaSensorStreamResponse.h)
Linked: (/home/handlingteam2/HASA/ros_ws/devel/.private/xela_server_ros/include/xela_server_ros/SensorFull.h, /home/handlingteam2/HASA/ros_ws/devel/include/xela_server_ros/SensorFull.h)
Linked: (/home/handlingteam2/HASA/ros_ws/devel/.private/xela_server_ros/include/xela_server_ros/XelaSensorStreamRequest.h, /home/handlingteam2/HASA/ros_ws/devel/include/xela_server_ros/XelaSensorStreamRequest.h)
Linked: (/home/handlingteam2/HASA/ros_ws/devel/.private/xela_server_ros/include/xela_server_ros/Forces.h, /home/handlingteam2/HASA/ros_ws/devel/include/xela_server_ros/Forces.h)
Linked: (/home/handlingteam2/HASA/ros_ws/devel/.private/xela_server_ros/include/xela_server_ros/XelaSensorStream.h, /home/handlingteam2/HASA/ros_ws/devel/include/xela_server_ros/XelaSensorStream.h)
Linked: (/home/handlingteam2/HASA/ros_ws/devel/.private/xela_server_ros/include/xela_server_ros/SensStream.h, /home/handlingteam2/HASA/ros_ws/devel/include/xela_server_ros/SensStream.h)
