Symlinking /home/handlingteam2/HASA/ros_ws/devel/lib/pkgconfig/xela_server_ros.pc
Symlinking /home/handlingteam2/HASA/ros_ws/devel/lib/python3/dist-packages/xela_server_ros/__init__.py
Symlinking /home/handlingteam2/HASA/ros_ws/devel/lib/python3/dist-packages/xela_server_ros/msg/_SensorFull.py
Symlinking /home/handlingteam2/HASA/ros_ws/devel/lib/python3/dist-packages/xela_server_ros/msg/_Taxel.py
Symlinking /home/handlingteam2/HASA/ros_ws/devel/lib/python3/dist-packages/xela_server_ros/msg/_SensStream.py
Symlinking /home/handlingteam2/HASA/ros_ws/devel/lib/python3/dist-packages/xela_server_ros/msg/_Forces.py
Symlinking /home/handlingteam2/HASA/ros_ws/devel/lib/python3/dist-packages/xela_server_ros/msg/__init__.py
Symlinking /home/handlingteam2/HASA/ros_ws/devel/lib/python3/dist-packages/xela_server_ros/srv/_XelaSensorStream.py
Symlinking /home/handlingteam2/HASA/ros_ws/devel/lib/python3/dist-packages/xela_server_ros/srv/__init__.py
Symlinking /home/handlingteam2/HASA/ros_ws/devel/share/xela_server_ros/cmake/xela_server_rosConfig.cmake
Symlinking /home/handlingteam2/HASA/ros_ws/devel/share/xela_server_ros/cmake/xela_server_ros-msg-paths.cmake
Symlinking /home/handlingteam2/HASA/ros_ws/devel/share/xela_server_ros/cmake/xela_server_rosConfig-version.cmake
Symlinking /home/handlingteam2/HASA/ros_ws/devel/share/xela_server_ros/cmake/xela_server_ros-msg-extras.cmake
Symlinking /home/handlingteam2/HASA/ros_ws/devel/share/roseus/ros/xela_server_ros/manifest.l
Symlinking /home/handlingteam2/HASA/ros_ws/devel/share/roseus/ros/xela_server_ros/msg/Forces.l
Symlinking /home/handlingteam2/HASA/ros_ws/devel/share/roseus/ros/xela_server_ros/msg/SensorFull.l
Symlinking /home/handlingteam2/HASA/ros_ws/devel/share/roseus/ros/xela_server_ros/msg/SensStream.l
Symlinking /home/handlingteam2/HASA/ros_ws/devel/share/roseus/ros/xela_server_ros/msg/Taxel.l
Symlinking /home/handlingteam2/HASA/ros_ws/devel/share/roseus/ros/xela_server_ros/srv/XelaSensorStream.l
Symlinking /home/handlingteam2/HASA/ros_ws/devel/share/common-lisp/ros/xela_server_ros/msg/_package_Forces.lisp
Symlinking /home/handlingteam2/HASA/ros_ws/devel/share/common-lisp/ros/xela_server_ros/msg/SensorFull.lisp
Symlinking /home/handlingteam2/HASA/ros_ws/devel/share/common-lisp/ros/xela_server_ros/msg/_package_SensStream.lisp
Symlinking /home/handlingteam2/HASA/ros_ws/devel/share/common-lisp/ros/xela_server_ros/msg/SensStream.lisp
Symlinking /home/handlingteam2/HASA/ros_ws/devel/share/common-lisp/ros/xela_server_ros/msg/xela_server_ros-msg.asd
Symlinking /home/handlingteam2/HASA/ros_ws/devel/share/common-lisp/ros/xela_server_ros/msg/Taxel.lisp
Symlinking /home/handlingteam2/HASA/ros_ws/devel/share/common-lisp/ros/xela_server_ros/msg/Forces.lisp
Symlinking /home/handlingteam2/HASA/ros_ws/devel/share/common-lisp/ros/xela_server_ros/msg/_package_SensorFull.lisp
Symlinking /home/handlingteam2/HASA/ros_ws/devel/share/common-lisp/ros/xela_server_ros/msg/_package_Taxel.lisp
Symlinking /home/handlingteam2/HASA/ros_ws/devel/share/common-lisp/ros/xela_server_ros/msg/_package.lisp
Symlinking /home/handlingteam2/HASA/ros_ws/devel/share/common-lisp/ros/xela_server_ros/srv/_package_XelaSensorStream.lisp
Symlinking /home/handlingteam2/HASA/ros_ws/devel/share/common-lisp/ros/xela_server_ros/srv/_package.lisp
Symlinking /home/handlingteam2/HASA/ros_ws/devel/share/common-lisp/ros/xela_server_ros/srv/xela_server_ros-srv.asd
Symlinking /home/handlingteam2/HASA/ros_ws/devel/share/common-lisp/ros/xela_server_ros/srv/XelaSensorStream.lisp
Symlinking /home/handlingteam2/HASA/ros_ws/devel/share/gennodejs/ros/xela_server_ros/_index.js
Symlinking /home/handlingteam2/HASA/ros_ws/devel/share/gennodejs/ros/xela_server_ros/msg/_index.js
Symlinking /home/handlingteam2/HASA/ros_ws/devel/share/gennodejs/ros/xela_server_ros/msg/Taxel.js
Symlinking /home/handlingteam2/HASA/ros_ws/devel/share/gennodejs/ros/xela_server_ros/msg/SensorFull.js
Symlinking /home/handlingteam2/HASA/ros_ws/devel/share/gennodejs/ros/xela_server_ros/msg/Forces.js
Symlinking /home/handlingteam2/HASA/ros_ws/devel/share/gennodejs/ros/xela_server_ros/msg/SensStream.js
Symlinking /home/handlingteam2/HASA/ros_ws/devel/share/gennodejs/ros/xela_server_ros/srv/_index.js
Symlinking /home/handlingteam2/HASA/ros_ws/devel/share/gennodejs/ros/xela_server_ros/srv/XelaSensorStream.js
Symlinking /home/handlingteam2/HASA/ros_ws/devel/include/xela_server_ros/Taxel.h
Symlinking /home/handlingteam2/HASA/ros_ws/devel/include/xela_server_ros/XelaSensorStreamResponse.h
Symlinking /home/handlingteam2/HASA/ros_ws/devel/include/xela_server_ros/SensorFull.h
Symlinking /home/handlingteam2/HASA/ros_ws/devel/include/xela_server_ros/XelaSensorStreamRequest.h
Symlinking /home/handlingteam2/HASA/ros_ws/devel/include/xela_server_ros/Forces.h
Symlinking /home/handlingteam2/HASA/ros_ws/devel/include/xela_server_ros/XelaSensorStream.h
Symlinking /home/handlingteam2/HASA/ros_ws/devel/include/xela_server_ros/SensStream.h
