[35m[1mScanning dependencies of target _xela_server_ros_generate_messages_check_deps_SensorFull[0m
[35m[1mScanning dependencies of target _xela_server_ros_generate_messages_check_deps_XelaSensorStream[0m
[35m[1mScanning dependencies of target geometry_msgs_generate_messages_nodejs[0m
[35m[1mScanning dependencies of target std_msgs_generate_messages_py[0m
[35m[1mScanning dependencies of target _xela_server_ros_generate_messages_check_deps_Forces[0m
[35m[1mScanning dependencies of target _xela_server_ros_generate_messages_check_deps_SensStream[0m
[35m[1mScanning dependencies of target _xela_server_ros_generate_messages_check_deps_Taxel[0m
[35m[1mScanning dependencies of target std_msgs_generate_messages_nodejs[0m
[35m[1mScanning dependencies of target geometry_msgs_generate_messages_py[0m
[35m[1mScanning dependencies of target geometry_msgs_generate_messages_lisp[0m
[35m[1mScanning dependencies of target std_msgs_generate_messages_lisp[0m
[35m[1mScanning dependencies of target std_msgs_generate_messages_eus[0m
[35m[1mScanning dependencies of target geometry_msgs_generate_messages_eus[0m
[35m[1mScanning dependencies of target std_msgs_generate_messages_cpp[0m
[35m[1mScanning dependencies of target geometry_msgs_generate_messages_cpp[0m
[  0%] Built target geometry_msgs_generate_messages_nodejs
[  0%] Built target std_msgs_generate_messages_py
[  0%] Built target std_msgs_generate_messages_eus
[  0%] Built target std_msgs_generate_messages_nodejs
[  0%] Built target geometry_msgs_generate_messages_py
[  0%] Built target geometry_msgs_generate_messages_lisp
[  0%] Built target std_msgs_generate_messages_lisp
[  0%] Built target geometry_msgs_generate_messages_eus
[  0%] Built target geometry_msgs_generate_messages_cpp
[  0%] Built target std_msgs_generate_messages_cpp
[  0%] Built target _xela_server_ros_generate_messages_check_deps_XelaSensorStream
[  0%] Built target _xela_server_ros_generate_messages_check_deps_SensorFull
[  0%] Built target _xela_server_ros_generate_messages_check_deps_Forces
[  0%] Built target _xela_server_ros_generate_messages_check_deps_Taxel
[  0%] Built target _xela_server_ros_generate_messages_check_deps_SensStream
[35m[1mScanning dependencies of target xela_server_ros_generate_messages_lisp[0m
[35m[1mScanning dependencies of target xela_server_ros_generate_messages_nodejs[0m
[35m[1mScanning dependencies of target xela_server_ros_generate_messages_py[0m
[35m[1mScanning dependencies of target xela_server_ros_generate_messages_eus[0m
[35m[1mScanning dependencies of target xela_server_ros_generate_messages_cpp[0m
[  3%] [34m[1mGenerating Lisp code from xela_server_ros/Taxel.msg[0m
[  7%] [34m[1mGenerating Javascript code from xela_server_ros/SensorFull.msg[0m
[ 17%] [34m[1mGenerating Lisp code from xela_server_ros/Forces.msg[0m
[ 17%] [34m[1mGenerating Javascript code from xela_server_ros/SensStream.msg[0m
[ 17%] [34m[1mGenerating Python from MSG xela_server_ros/SensorFull[0m
[ 21%] [34m[1mGenerating Javascript code from xela_server_ros/Taxel.msg[0m
[ 32%] [34m[1mGenerating EusLisp code from xela_server_ros/Forces.msg[0m
[ 32%] [34m[1mGenerating Lisp code from xela_server_ros/SensorFull.msg[0m
[ 32%] [34m[1mGenerating EusLisp code from xela_server_ros/SensStream.msg[0m
[ 35%] [34m[1mGenerating Javascript code from xela_server_ros/Forces.msg[0m
[ 42%] [34m[1mGenerating EusLisp code from xela_server_ros/SensorFull.msg[0m
[ 42%] [34m[1mGenerating Lisp code from xela_server_ros/SensStream.msg[0m
[ 46%] [34m[1mGenerating Javascript code from xela_server_ros/XelaSensorStream.srv[0m
[ 53%] [34m[1mGenerating EusLisp code from xela_server_ros/Taxel.msg[0m
[ 53%] [34m[1mGenerating Python from MSG xela_server_ros/SensStream[0m
[ 64%] [34m[1mGenerating Python from MSG xela_server_ros/Forces[0m
[ 64%] [34m[1mGenerating EusLisp manifest code for xela_server_ros[0m
[ 67%] [34m[1mGenerating EusLisp code from xela_server_ros/XelaSensorStream.srv[0m
[ 67%] [34m[1mGenerating Python code from SRV xela_server_ros/XelaSensorStream[0m
[ 71%] [34m[1mGenerating Python from MSG xela_server_ros/Taxel[0m
[ 75%] [34m[1mGenerating C++ code from xela_server_ros/Taxel.msg[0m
[ 78%] [34m[1mGenerating C++ code from xela_server_ros/SensorFull.msg[0m
[ 82%] [34m[1mGenerating Lisp code from xela_server_ros/XelaSensorStream.srv[0m
[ 85%] [34m[1mGenerating C++ code from xela_server_ros/SensStream.msg[0m
[ 89%] [34m[1mGenerating C++ code from xela_server_ros/Forces.msg[0m
[ 92%] [34m[1mGenerating C++ code from xela_server_ros/XelaSensorStream.srv[0m
[ 92%] Built target xela_server_ros_generate_messages_lisp
[ 92%] Built target xela_server_ros_generate_messages_nodejs
[100%] [34m[1mGenerating Python srv __init__.py for xela_server_ros[0m
[100%] [34m[1mGenerating Python msg __init__.py for xela_server_ros[0m
[100%] Built target xela_server_ros_generate_messages_cpp
[100%] Built target xela_server_ros_generate_messages_py
[100%] Built target xela_server_ros_generate_messages_eus
[35m[1mScanning dependencies of target xela_server_ros_generate_messages[0m
[100%] Built target xela_server_ros_generate_messages
