[  0%] Built target geometry_msgs_generate_messages_nodejs
[  0%] Built target std_msgs_generate_messages_nodejs
[  0%] Built target std_msgs_generate_messages_eus
[  0%] Built target geometry_msgs_generate_messages_py
[  0%] Built target geometry_msgs_generate_messages_lisp
[  0%] Built target geometry_msgs_generate_messages_eus
[  0%] Built target std_msgs_generate_messages_py
[  0%] Built target std_msgs_generate_messages_lisp
[  0%] Built target geometry_msgs_generate_messages_cpp
[  0%] Built target std_msgs_generate_messages_cpp
[  0%] Built target _xela_server_ros_generate_messages_check_deps_SensStream
[  0%] Built target _xela_server_ros_generate_messages_check_deps_XelaSensorStream
[  0%] Built target _xela_server_ros_generate_messages_check_deps_Forces
[  0%] Built target _xela_server_ros_generate_messages_check_deps_Taxel
[  0%] Built target _xela_server_ros_generate_messages_check_deps_SensorFull
[ 17%] Built target xela_server_ros_generate_messages_nodejs
[ 39%] Built target xela_server_ros_generate_messages_cpp
[ 60%] Built target xela_server_ros_generate_messages_py
[ 78%] Built target xela_server_ros_generate_messages_lisp
[100%] Built target xela_server_ros_generate_messages_eus
[100%] Built target xela_server_ros_generate_messages
