[  0%] Built target geometry_msgs_generate_messages_nodejs
[  0%] Built target std_msgs_generate_messages_nodejs
[  0%] Built target geometry_msgs_generate_messages_cpp
[  0%] Built target std_msgs_generate_messages_cpp
[  0%] Built target geometry_msgs_generate_messages_eus
[  0%] Built target geometry_msgs_generate_messages_lisp
[  0%] Built target std_msgs_generate_messages_lisp
[  0%] Built target std_msgs_generate_messages_py
[  0%] Built target geometry_msgs_generate_messages_py
[  0%] Built target std_msgs_generate_messages_eus
[  0%] Built target _xela_server_ros_generate_messages_check_deps_XelaSensorStream
[  0%] Built target _xela_server_ros_generate_messages_check_deps_SensorFull
[  0%] Built target _xela_server_ros_generate_messages_check_deps_SensStream
[  0%] Built target _xela_server_ros_generate_messages_check_deps_Taxel
[  0%] Built target _xela_server_ros_generate_messages_check_deps_Forces
[ 17%] Built target xela_server_ros_generate_messages_nodejs
[ 42%] Built target xela_server_ros_generate_messages_py
[ 60%] Built target xela_server_ros_generate_messages_lisp
[ 92%] Built target xela_server_ros_generate_messages_cpp
[100%] Built target xela_server_ros_generate_messages_eus
[100%] Built target xela_server_ros_generate_messages
