Not searching for unused variables given on the command line.
CMake Warning (dev) at CMakeLists.txt:2 (project):
  Policy CMP0048 is not set: project() command manages VERSION variables.
  Run "cmake --help-policy CMP0048" for policy details.  Use the cmake_policy
  command to set the policy and suppress this warning.

  The following variable(s) would be set to empty:

    CMAKE_PROJECT_VERSION
    CMAKE_PROJECT_VERSION_MAJOR
    CMAKE_PROJECT_VERSION_MINOR
    CMAKE_PROJECT_VERSION_PATCH
This warning is for project developers.  Use -Wno-dev to suppress it.

[36m--[0m Using CATKIN_DEVEL_PREFIX: /home/handlingteam2/HASA/ros_ws/devel/.private/xela_py
[36m--[0m Using CMAKE_PREFIX_PATH: /home/handlingteam2/HASA/ros_ws/devel;/opt/ros/noetic
[36m--[0m This workspace overlays: /home/handlingteam2/HASA/ros_ws/devel;/opt/ros/noetic
[36m--[0m Found PythonInterp: /usr/bin/python3 (found suitable version "3.8.10", minimum required is "3")
[36m--[0m Using PYTHON_EXECUTABLE: /usr/bin/python3
[36m--[0m Using Debian Python package layout
[36m--[0m Using empy: /usr/lib/python3/dist-packages/em.py
[36m--[0m Using CATKIN_ENABLE_TESTING: ON
[36m--[0m Call enable_testing()
[36m--[0m Using CATKIN_TEST_RESULTS_DIR: /home/handlingteam2/HASA/ros_ws/build/xela_py/test_results
[36m--[0m Forcing gtest/gmock from source, though one was otherwise available.
[36m--[0m Found gtest sources under '/usr/src/googletest': gtests will be built
[36m--[0m Found gmock sources under '/usr/src/googletest': gmock will be built
[36m--[0m Found PythonInterp: /usr/bin/python3 (found version "3.8.10")
[36m--[0m Using Python nosetests: /usr/bin/nosetests3
[36m--[0m catkin 0.8.11
[36m--[0m BUILD_SHARED_LIBS is on
[31m[1mCMake Error[0m at /opt/ros/noetic/share/catkin/cmake/catkin_python_setup.cmake:31 (message):
  catkin_python_setup() called without 'setup.py' in project folder '
  /home/handlingteam2/HASA/ros_ws/src/xela_package/xela_py'
[36mCall Stack (most recent call first):[0m
  CMakeLists.txt:7 (catkin_python_setup)


[36m--[0m Configuring incomplete, errors occurred!
See also "/home/handlingteam2/HASA/ros_ws/build/xela_py/CMakeFiles/CMakeOutput.log".
See also "/home/handlingteam2/HASA/ros_ws/build/xela_py/CMakeFiles/CMakeError.log".
